<?xml version="1.0" encoding="UTF-8"?>
<!-- Generated by org.testng.reporters.JUnitXMLReporter -->
<testsuite hostname="ESTPCSW172" name="Package with subpackages" tests="2" failures="0" timestamp="15 Aug 2016 05:21:40 GMT" time="2.052" errors="0">
  <testcase name="run_cukes" time="2.028" classname="uk.co.automatictester.jwebfwk.runners.DownloadFeatureRunner"/>
  <testcase name="run_cukes" time="2.038" classname="uk.co.automatictester.jwebfwk.runners.DownloadFeatureRunner_Copy"/>
</testsuite> <!-- Package with subpackages -->
