<?xml version="1.0" encoding="UTF-8"?>
<!-- Generated by org.testng.reporters.JUnitXMLReporter -->
<testsuite hostname="ESTPCSW172" name="Package with subpackages" tests="2" failures="0" timestamp="15 Aug 2016 05:20:57 GMT" time="7.794" errors="0">
  <testcase name="run_cukes" time="7.766" classname="uk.co.automatictester.jwebfwk.runners.DownloadFeatureRunner_Copy"/>
  <testcase name="run_cukes" time="7.772" classname="uk.co.automatictester.jwebfwk.runners.DownloadFeatureRunner"/>
</testsuite> <!-- Package with subpackages -->
