<?xml version="1.0" encoding="UTF-8"?>
<testng-results skipped="0" failed="0" total="2" passed="2">
  <reporter-output>
    <line>
      <![CDATA[<div "featureFile">Feature File: src&#x2F;test&#x2F;resources&#x2F;features&#x2F;Download.feature</div>]]>
    </line>
    <line>
      <![CDATA[<div "feature">Feature: Download section</div>]]>
    </line>
    <line>
      <![CDATA[<div "featureFile">Feature File: src&#x2F;test&#x2F;resources&#x2F;features&#x2F;Download_Copy.feature</div>]]>
    </line>
    <line>
      <![CDATA[<div "feature">Feature: Download section</div>]]>
    </line>
    <line>
      <![CDATA[<div "scenario">Scenario: Java binding download link check</div>]]>
    </line>
    <line>
      <![CDATA[<div "scenario">Scenario: Java binding download link check</div>]]>
    </line>
    <line>
      <![CDATA[<div "result">Given  I am on the Selenium homepage (passed : 5s)</div>]]>
    </line>
    <line>
      <![CDATA[<div "result">Given  I am on the Selenium homepage (passed : 6s)</div>]]>
    </line>
    <line>
      <![CDATA[<div "result">When  I click &quot;Download&quot; tab (passed : 0s)</div>]]>
    </line>
    <line>
      <![CDATA[<div "result">Then  I should see &quot;Java&quot; download link on Download page (undefined)</div>]]>
    </line>
    <line>
      <![CDATA[<div "result">And  I should see &quot;C#&quot; download link on Download page (undefined)</div>]]>
    </line>
    <line>
      <![CDATA[<div "result">And  I should see &quot;Ruby&quot; download link on Download page (undefined)</div>]]>
    </line>
    <line>
      <![CDATA[<div "result">And  I should see &quot;Python&quot; download link on Download page (undefined)</div>]]>
    </line>
    <line>
      <![CDATA[<div "result">And  I should see &quot;Javascript (Node)&quot; download link on Download page (undefined)</div>]]>
    </line>
    <line>
      <![CDATA[<div "result">When  I click &quot;Download&quot; tab (passed : 0s)</div>]]>
    </line>
    <line>
      <![CDATA[<div "result">Then  I should see &quot;Java&quot; download link on Download page (undefined)</div>]]>
    </line>
    <line>
      <![CDATA[<div "result">And  I should see &quot;C#&quot; download link on Download page (undefined)</div>]]>
    </line>
    <line>
      <![CDATA[<div "result">And  I should see &quot;Ruby&quot; download link on Download page (undefined)</div>]]>
    </line>
    <line>
      <![CDATA[<div "result">And  I should see &quot;Python&quot; download link on Download page (undefined)</div>]]>
    </line>
    <line>
      <![CDATA[<div "result">And  I should see &quot;Javascript (Node)&quot; download link on Download page (undefined)</div>]]>
    </line>
  </reporter-output>
  <suite name="Test runner" duration-ms="7794" started-at="2016-08-15T05:20:49Z" finished-at="2016-08-15T05:20:57Z">
    <groups>
      <group name="cucumber">
        <method signature="AbstractTestNGCucumberTests.run_cukes()[pri:0, instance:uk.co.automatictester.jwebfwk.runners.DownloadFeatureRunner@3498ed]" name="run_cukes" class="cucumber.api.testng.AbstractTestNGCucumberTests"/>
        <method signature="AbstractTestNGCucumberTests.run_cukes()[pri:0, instance:uk.co.automatictester.jwebfwk.runners.DownloadFeatureRunner_Copy@506e6d5e]" name="run_cukes" class="cucumber.api.testng.AbstractTestNGCucumberTests"/>
      </group> <!-- cucumber -->
    </groups>
    <test name="Package with subpackages" duration-ms="7794" started-at="2016-08-15T05:20:49Z" finished-at="2016-08-15T05:20:57Z">
      <class name="uk.co.automatictester.jwebfwk.runners.DownloadFeatureRunner">
        <test-method status="PASS" signature="run_cukes()[pri:0, instance:uk.co.automatictester.jwebfwk.runners.DownloadFeatureRunner@3498ed]" name="run_cukes" duration-ms="7772" started-at="2016-08-14T22:20:49Z" description="Runs Cucumber Features" finished-at="2016-08-14T22:20:57Z">
          <reporter-output>
            <line>
              <![CDATA[<div "featureFile">Feature File: src&#x2F;test&#x2F;resources&#x2F;features&#x2F;Download.feature</div>]]>
            </line>
            <line>
              <![CDATA[<div "feature">Feature: Download section</div>]]>
            </line>
            <line>
              <![CDATA[<div "scenario">Scenario: Java binding download link check</div>]]>
            </line>
            <line>
              <![CDATA[<div "result">Given  I am on the Selenium homepage (passed : 5s)</div>]]>
            </line>
            <line>
              <![CDATA[<div "result">When  I click &quot;Download&quot; tab (passed : 0s)</div>]]>
            </line>
            <line>
              <![CDATA[<div "result">Then  I should see &quot;Java&quot; download link on Download page (undefined)</div>]]>
            </line>
            <line>
              <![CDATA[<div "result">And  I should see &quot;C#&quot; download link on Download page (undefined)</div>]]>
            </line>
            <line>
              <![CDATA[<div "result">And  I should see &quot;Ruby&quot; download link on Download page (undefined)</div>]]>
            </line>
            <line>
              <![CDATA[<div "result">And  I should see &quot;Python&quot; download link on Download page (undefined)</div>]]>
            </line>
            <line>
              <![CDATA[<div "result">And  I should see &quot;Javascript (Node)&quot; download link on Download page (undefined)</div>]]>
            </line>
          </reporter-output>
        </test-method> <!-- run_cukes -->
      </class> <!-- uk.co.automatictester.jwebfwk.runners.DownloadFeatureRunner -->
      <class name="uk.co.automatictester.jwebfwk.runners.DownloadFeatureRunner_Copy">
        <test-method status="PASS" signature="run_cukes()[pri:0, instance:uk.co.automatictester.jwebfwk.runners.DownloadFeatureRunner_Copy@506e6d5e]" name="run_cukes" duration-ms="7766" started-at="2016-08-14T22:20:49Z" description="Runs Cucumber Features" finished-at="2016-08-14T22:20:57Z">
          <reporter-output>
            <line>
              <![CDATA[<div "featureFile">Feature File: src&#x2F;test&#x2F;resources&#x2F;features&#x2F;Download_Copy.feature</div>]]>
            </line>
            <line>
              <![CDATA[<div "feature">Feature: Download section</div>]]>
            </line>
            <line>
              <![CDATA[<div "scenario">Scenario: Java binding download link check</div>]]>
            </line>
            <line>
              <![CDATA[<div "result">Given  I am on the Selenium homepage (passed : 6s)</div>]]>
            </line>
            <line>
              <![CDATA[<div "result">When  I click &quot;Download&quot; tab (passed : 0s)</div>]]>
            </line>
            <line>
              <![CDATA[<div "result">Then  I should see &quot;Java&quot; download link on Download page (undefined)</div>]]>
            </line>
            <line>
              <![CDATA[<div "result">And  I should see &quot;C#&quot; download link on Download page (undefined)</div>]]>
            </line>
            <line>
              <![CDATA[<div "result">And  I should see &quot;Ruby&quot; download link on Download page (undefined)</div>]]>
            </line>
            <line>
              <![CDATA[<div "result">And  I should see &quot;Python&quot; download link on Download page (undefined)</div>]]>
            </line>
            <line>
              <![CDATA[<div "result">And  I should see &quot;Javascript (Node)&quot; download link on Download page (undefined)</div>]]>
            </line>
          </reporter-output>
        </test-method> <!-- run_cukes -->
      </class> <!-- uk.co.automatictester.jwebfwk.runners.DownloadFeatureRunner_Copy -->
    </test> <!-- Package with subpackages -->
  </suite> <!-- Test runner -->
</testng-results>
